Arguments: 
  /usr/local/bin/node /usr/local/bin/yarn

PATH: 
  /usr/local/bin:/usr/bin:/bin:/usr/sbin:/sbin:/Applications/VMware Fusion.app/Contents/Public

Yarn version: 
  1.2.1

Node version: 
  8.2.1

Platform: 
  darwin x64

npm manifest: 
  {
    "name": "toast",
    "version": "1.0.3",
    "description": "",
    "main": "toast.wpy",
    "scripts": {
      "test": "echo \"Error: no test specified\" && exit 1"
    },
    "repository": {
      "type": "git",
      "url": "git@github.com:wepyjs/wepy-com-toast.git"
    },
    "author": "Gcaufy",
    "license": "MIT",
    "devDependencies": {
      "babel": "^6.5.2",
      "babel-cli": "^6.18.0",
      "babel-preset-es2015": "^6.18.0",
      "babel-preset-stage-1": "^6.16.0"
    }
  }

yarn manifest: 
  No manifest

Lockfile: 
  No lockfile

Trace: 
  Error: http://npm.kaipao.cc:7001/babel: ETIMEDOUT
      at Timeout._onTimeout (/usr/local/lib/node_modules/yarn/lib/cli.js:123675:19)
      at ontimeout (timers.js:469:11)
      at tryOnTimeout (timers.js:304:5)
      at Timer.listOnTimeout (timers.js:264:5)
